Notifications/Application/build/intermediates/manifest_merge_blame_file/release/manifest-merger-blame-release-report.txt
1<?xml version="1.0" encoding="utf-8"?>
2<!--
3 Copyright 2013 The Android Open Source Project
4
5 Licensed under the Apache License, Version 2.0 (the "License");
6 you may not use this file except in compliance with the License.
7 You may obtain a copy of the License at
8
9     http://www.apache.org/licenses/LICENSE-2.0
10
11 Unless required by applicable law or agreed to in writing, software
12 distributed under the License is distributed on an "AS IS" BASIS,
13 WITHOUT WARRANTIES OR CONDITIONS OF ANY KIND, either express or implied.
14 See the License for the specific language governing permissions and
15 limitations under the License.
16-->
17<manifest xmlns:android="http://schemas.android.com/apk/res/android"
18    package="com.example.android.wearable.wear.wearnotifications"
19    android:versionCode="1"
20    android:versionName="1.0" >
21
22    <uses-sdk
23        android:minSdkVersion="18"
23-->src/main/AndroidManifest.xml
24        android:targetSdkVersion="29" />
24-->src/main/AndroidManifest.xml
25
26    <application
26-->src/main/AndroidManifest.xml:22:5-82:19
27        android:allowBackup="true"
27-->src/main/AndroidManifest.xml:23:9-35
28        android:appComponentFactory="androidx.core.app.CoreComponentFactory"
28-->[androidx.core:core:1.1.0] AndroidManifest.xml:24:18-86
29        android:icon="@drawable/ic_launcher"
29-->src/main/AndroidManifest.xml:24:9-45
30        android:label="@string/app_name"
30-->src/main/AndroidManifest.xml:25:9-41
31        android:supportsRtl="true"
31-->src/main/AndroidManifest.xml:26:9-35
32        android:theme="@style/AppThemeOverride" >
32-->src/main/AndroidManifest.xml:27:9-48
33        <activity android:name="com.example.android.wearable.wear.wearnotifications.MainActivity" >
33-->src/main/AndroidManifest.xml:29:9-34:20
33-->src/main/AndroidManifest.xml:29:19-47
34            <intent-filter>
34-->src/main/AndroidManifest.xml:30:13-33:29
35                <action android:name="android.intent.action.MAIN" />
35-->src/main/AndroidManifest.xml:31:17-68
35-->src/main/AndroidManifest.xml:31:25-66
36
37                <category android:name="android.intent.category.LAUNCHER" />
37-->src/main/AndroidManifest.xml:32:17-76
37-->src/main/AndroidManifest.xml:32:27-74
38            </intent-filter>
39        </activity>
40        <activity
40-->src/main/AndroidManifest.xml:36:9-41:20
41            android:name="com.example.android.wearable.wear.wearnotifications.handlers.BigTextMainActivity"
41-->src/main/AndroidManifest.xml:37:13-57
42            android:excludeFromRecents="true"
42-->src/main/AndroidManifest.xml:38:13-46
43            android:label="@string/title_activity_big_text_main"
43-->src/main/AndroidManifest.xml:39:13-65
44            android:taskAffinity="" >
44-->src/main/AndroidManifest.xml:40:13-36
45        </activity>
46        <activity
46-->src/main/AndroidManifest.xml:43:9-49:20
47            android:name="com.example.android.wearable.wear.wearnotifications.handlers.BigPictureSocialMainActivity"
47-->src/main/AndroidManifest.xml:44:13-66
48            android:label="@string/title_activity_big_picture_main" >
48-->src/main/AndroidManifest.xml:45:13-68
49            <meta-data
49-->src/main/AndroidManifest.xml:46:13-48:48
50                android:name="android.support.PARENT_ACTIVITY"
50-->src/main/AndroidManifest.xml:47:17-63
51                android:value=".MainActivity" />
51-->src/main/AndroidManifest.xml:48:17-46
52        </activity>
53        <activity
53-->src/main/AndroidManifest.xml:52:9-58:20
54            android:name="com.example.android.wearable.wear.wearnotifications.handlers.InboxMainActivity"
54-->src/main/AndroidManifest.xml:53:13-55
55            android:label="@string/title_activity_inbox_main" >
55-->src/main/AndroidManifest.xml:54:13-62
56            <meta-data
56-->src/main/AndroidManifest.xml:46:13-48:48
57                android:name="android.support.PARENT_ACTIVITY"
57-->src/main/AndroidManifest.xml:47:17-63
58                android:value=".MainActivity" />
58-->src/main/AndroidManifest.xml:48:17-46
59        </activity>
60        <activity
60-->src/main/AndroidManifest.xml:60:9-66:20
61            android:name="com.example.android.wearable.wear.wearnotifications.handlers.MessagingMainActivity"
61-->src/main/AndroidManifest.xml:61:13-59
62            android:label="@string/title_activity_messaging_main" >
62-->src/main/AndroidManifest.xml:62:13-66
63            <meta-data
63-->src/main/AndroidManifest.xml:46:13-48:48
64                android:name="android.support.PARENT_ACTIVITY"
64-->src/main/AndroidManifest.xml:47:17-63
65                android:value=".MainActivity" />
65-->src/main/AndroidManifest.xml:48:17-46
66        </activity>
67
68        <service
68-->src/main/AndroidManifest.xml:68:9-71:19
69            android:name="com.example.android.wearable.wear.wearnotifications.handlers.BigTextIntentService"
69-->src/main/AndroidManifest.xml:69:13-58
70            android:exported="false" >
70-->src/main/AndroidManifest.xml:70:13-37
71        </service>
72        <service
72-->src/main/AndroidManifest.xml:73:9-76:19
73            android:name="com.example.android.wearable.wear.wearnotifications.handlers.MessagingIntentService"
73-->src/main/AndroidManifest.xml:74:13-60
74            android:exported="false" >
74-->src/main/AndroidManifest.xml:75:13-37
75        </service>
76        <service
76-->src/main/AndroidManifest.xml:78:9-81:19
77            android:name="com.example.android.wearable.wear.wearnotifications.handlers.BigPictureSocialIntentService"
77-->src/main/AndroidManifest.xml:79:13-67
78            android:exported="false" >
78-->src/main/AndroidManifest.xml:80:13-37
79        </service>
80
81        <activity
81-->[com.google.android.gms:play-services-base:17.0.0] AndroidManifest.xml:23:9-26:75
82            android:name="com.google.android.gms.common.api.GoogleApiActivity"
82-->[com.google.android.gms:play-services-base:17.0.0] AndroidManifest.xml:24:13-79
83            android:exported="false"
83-->[com.google.android.gms:play-services-base:17.0.0] AndroidManifest.xml:25:13-37
84            android:theme="@android:style/Theme.Translucent.NoTitleBar" />
84-->[com.google.android.gms:play-services-base:17.0.0] AndroidManifest.xml:26:13-72
85
86        <meta-data
86-->[com.google.android.gms:play-services-basement:17.0.0] AndroidManifest.xml:23:9-25:69
87            android:name="com.google.android.gms.version"
87-->[com.google.android.gms:play-services-basement:17.0.0] AndroidManifest.xml:24:13-58
88            android:value="@integer/google_play_services_version" />
88-->[com.google.android.gms:play-services-basement:17.0.0] AndroidManifest.xml:25:13-66
89        <meta-data
89-->[Wear App sub-manifest] AndroidManifest.xml:6:9-7:69
90            android:name="com.google.android.wearable.beta.app"
90-->[Wear App sub-manifest] AndroidManifest.xml:6:20-71
91            android:resource="@xml/android_wear_micro_apk" />
91-->[Wear App sub-manifest] AndroidManifest.xml:7:20-66
92    </application>
93
94</manifest>